<?xml version="1.0" encoding="UTF-8"?>
<!-- Generated by org.testng.reporters.JUnitReportReporter -->
<testsuite hostname="DESKTOP-1P19Q6P" failures="0" tests="8" name="com.Runner.SwagLabsRunner" time="43.016" errors="0" timestamp="2024-08-25T08:46:58 IST" skipped="0">
  <testcase classname="com.Runner.SwagLabsRunner" name="LoginTest" time="11.574"/>
  <system-out/>
  <testcase classname="com.Runner.SwagLabsRunner" name="invalidPassword" time="10.573"/>
  <system-out/>
  <testcase classname="com.Runner.SwagLabsRunner" name="blanklogin" time="10.586"/>
  <system-out/>
  <testcase classname="com.Runner.SwagLabsRunner" name="invalidEmail" time="10.187"/>
  <system-out/>
  <testcase classname="com.Runner.SwagLabsRunner" name="firstProduct" time="0.021"/>
  <system-out/>
  <testcase classname="com.Runner.SwagLabsRunner" name="secondProduct" time="0.016"/>
  <system-out/>
  <testcase classname="com.Runner.SwagLabsRunner" name="thirdProduct" time="0.030"/>
  <system-out/>
  <testcase classname="com.Runner.SwagLabsRunner" name="FourthProduct" time="0.029"/>
  <system-out/>
</testsuite> <!-- com.Runner.SwagLabsRunner -->
