<?xml version="1.0" encoding="UTF-8"?>
<!-- Generated by org.testng.reporters.JUnitReportReporter -->
<testsuite hostname="DESKTOP-1P19Q6P" failures="0" tests="6" name="com.Runner.Grouping" time="0.134" errors="0" timestamp="2024-08-21T17:16:37 IST" skipped="0">
  <testcase classname="com.Runner.Grouping" name="mutton" time="0.013"/>
  <system-out/>
  <testcase classname="com.Runner.Grouping" name="chicken" time="0.089"/>
  <system-out/>
  <testcase classname="com.Runner.Grouping" name="curdRice" time="0.005"/>
  <system-out/>
  <testcase classname="com.Runner.Grouping" name="idly" time="0.011"/>
  <system-out/>
  <testcase classname="com.Runner.Grouping" name="prawn" time="0.006"/>
  <system-out/>
  <testcase classname="com.Runner.Grouping" name="dosa" time="0.010"/>
  <system-out/>
</testsuite> <!-- com.Runner.Grouping -->
