<?xml version="1.0" encoding="UTF-8"?>
<!-- Generated by org.testng.reporters.JUnitReportReporter -->
<testsuite hostname="DESKTOP-1P19Q6P" failures="0" tests="3" name="com.Runner.TestClass" time="23.107" errors="0" timestamp="2024-08-19T13:32:10 IST" skipped="0">
  <testcase classname="com.Runner.TestClass" name="search" time="0.023"/>
  <system-out/>
  <testcase classname="com.Runner.TestClass" name="browserLaunch" time="22.867"/>
  <system-out/>
  <testcase classname="com.Runner.TestClass" name="close" time="0.217"/>
  <system-out/>
</testsuite> <!-- com.Runner.TestClass -->
