<?xml version="1.0" encoding="UTF-8"?>
<!-- Generated by org.testng.reporters.JUnitReportReporter -->
<testsuite hostname="DESKTOP-1P19Q6P" failures="0" tests="3" name="com.Runner.DependsOnMethods" time="0.113" errors="0" timestamp="2024-08-23T13:04:12 IST" skipped="0">
  <testcase classname="com.Runner.DependsOnMethods" name="sampleThree" time="0.005"/>
  <system-out/>
  <testcase classname="com.Runner.DependsOnMethods" name="sampleOne" time="0.100"/>
  <system-out/>
  <testcase classname="com.Runner.DependsOnMethods" name="sampleTwo" time="0.008"/>
  <system-out/>
</testsuite> <!-- com.Runner.DependsOnMethods -->
