<?xml version="1.0" encoding="UTF-8"?>
<!-- Generated by org.testng.reporters.JUnitReportReporter -->
<testsuite hostname="DESKTOP-1P19Q6P" failures="0" tests="1" name="com.Runner.Parameter" time="11.729" errors="0" timestamp="2024-08-22T13:13:47 IST" skipped="0">
  <testcase classname="com.Runner.Parameter" name="login" time="11.729"/>
  <system-out/>
</testsuite> <!-- com.Runner.Parameter -->
