<?xml version="1.0" encoding="UTF-8"?>
<!-- Generated by org.testng.reporters.JUnitReportReporter -->
<testsuite hostname="DESKTOP-1P19Q6P" failures="0" tests="3" name="com.Runner.DataProviderTest" time="28.358" errors="0" timestamp="2024-08-22T13:27:48 IST" skipped="0">
  <testcase classname="com.Runner.DataProviderTest" name="login" time="8.746"/>
  <system-out/>
  <testcase classname="com.Runner.DataProviderTest" name="login" time="8.526"/>
  <system-out/>
  <testcase classname="com.Runner.DataProviderTest" name="login" time="11.086"/>
  <system-out/>
</testsuite> <!-- com.Runner.DataProviderTest -->
